[Scheduler] Chosen delay: 228 minutes
[Scheduler] Will post around: 2025-11-22 22:03:43
Traceback (most recent call last):
  File "/Users/ashish/LinkedIn_Post/post_with_groq.py", line 114, in <module>
    time.sleep(delay)
    ~~~~~~~~~~^^^^^^^
KeyboardInterrupt
[Scheduler] Chosen delay: 131 minutes
[Scheduler] Will post around: 2025-11-22 20:26:57
Traceback (most recent call last):
  File "/Users/ashish/LinkedIn_Post/post_with_groq.py", line 114, in <module>
    time.sleep(delay)
    ~~~~~~~~~~^^^^^^^
KeyboardInterrupt
[Scheduler] Chosen delay: 0 minutes
[Scheduler] Will post around: 2025-11-22 18:42:57
----- GENERATED TEXT -----
As a data engineer, I've been following the trend of cloud-based data engineering. 
It's exciting to see how cloud services are making it easier to build and manage data pipelines. 
This shift is enabling teams to focus on higher-level tasks.

The cloud provides scalability and flexibility, allowing data engineers to handle large volumes of data. 
It also enables automation and streamlines data workflows, reducing manual errors. 
This is a significant development in the field of data engineering.

I believe cloud-based data engineering is the future, and it's essential for professionals to upskill and adapt to this change 🚀. 
Embracing this trend will help organizations make data-driven decisions more efficiently 💻. 
#DataEngineering #CloudComputing #DataAnalytics
Length: 774
repr(): "As a data engineer, I've been following the trend of cloud-based data engineering. \nIt's exciting to see how cloud services are making it easier to build and manage data pipelines. \nThis shift is enabling teams to focus on higher-level tasks.\n\nThe cloud provides scalability and flexibility, allowing data engineers to handle large volumes of data. \nIt also enables automation and streamlines data workflows, reducing manual errors. \nThis is a significant development in the field of data engineering.\n\nI believe cloud-based data engineering is the future, and it's essential for professionals to upskill and adapt to this change 🚀. \nEmbracing this trend will help organizations make data-driven decisions more efficiently 💻. \n#DataEngineering #CloudComputing #DataAnalytics"
----- END TEXT -----

Posting to LinkedIn...

Status: 201
Body: 
[Scheduler] Chosen delay: 0 minutes
[Scheduler] Will post around: 2025-11-22 18:48:45
----- GENERATED TEXT -----
As a data engineer, I've been exploring the potential of Generative AI in data engineering. 
It has the ability to automate data processing tasks and improve data quality. 
This can significantly reduce manual effort and increase efficiency.

The use of GenAI in data engineering can also enable real-time data analysis and decision-making. 
With the help of AI-powered tools, data engineers can focus on higher-level tasks and drive business growth. 
This shift is expected to revolutionize the field of data engineering.

I'm excited to see how GenAI will continue to evolve and impact the industry 🚀. 
Data engineers can upskill and reskill to stay relevant in this changing landscape 📊. 
#DataEngineering #GenerativeAI #TechTrends
Length: 734
repr(): "As a data engineer, I've been exploring the potential of Generative AI in data engineering. \nIt has the ability to automate data processing tasks and improve data quality. \nThis can significantly reduce manual effort and increase efficiency.\n\nThe use of GenAI in data engineering can also enable real-time data analysis and decision-making. \nWith the help of AI-powered tools, data engineers can focus on higher-level tasks and drive business growth. \nThis shift is expected to revolutionize the field of data engineering.\n\nI'm excited to see how GenAI will continue to evolve and impact the industry 🚀. \nData engineers can upskill and reskill to stay relevant in this changing landscape 📊. \n#DataEngineering #GenerativeAI #TechTrends"
----- END TEXT -----

Posting to LinkedIn...

Status: 201
Body: 
[Scheduler] Chosen delay: 108 minutes
[Scheduler] Will post around: 2025-11-22 20:37:51
Traceback (most recent call last):
  File "/Users/ashish/LinkedIn_Post/post_with_groq.py", line 115, in <module>
    time.sleep(delay)
    ~~~~~~~~~~^^^^^^^
KeyboardInterrupt
[Scheduler] Chosen delay: 0 minutes
[Scheduler] Will post around: 2025-11-22 23:31:13
----- GENERATED TEXT -----
As a data engineer, I've been following the trend of GenAI and its potential to revolutionize data analysis. 
The ability of GenAI to process and generate human-like language has significant implications for data engineering. 
It can help automate tasks such as data profiling and data quality checks.

I believe this technology has the potential to greatly improve the efficiency of data engineering workflows. 
By leveraging GenAI, data engineers can focus on higher-level tasks such as data modeling and architecture. 
This shift can lead to more scalable and efficient data systems 🚀.

The future of data engineering is likely to be shaped by advancements in GenAI and other emerging technologies. 
As professionals in this field, it's essential to stay informed and adapt to these changes 📊.
#DataEngineering #GenAI #AI
Length: 824
repr(): "As a data engineer, I've been following the trend of GenAI and its potential to revolutionize data analysis. \nThe ability of GenAI to process and generate human-like language has significant implications for data engineering. \nIt can help automate tasks such as data profiling and data quality checks.\n\nI believe this technology has the potential to greatly improve the efficiency of data engineering workflows. \nBy leveraging GenAI, data engineers can focus on higher-level tasks such as data modeling and architecture. \nThis shift can lead to more scalable and efficient data systems 🚀.\n\nThe future of data engineering is likely to be shaped by advancements in GenAI and other emerging technologies. \nAs professionals in this field, it's essential to stay informed and adapt to these changes 📊.\n#DataEngineering #GenAI #AI"
----- END TEXT -----

Posting to LinkedIn...

Status: 201
Body: 
[Scheduler] Chosen delay: 38 seconds
[Scheduler] Will post around: 2025-11-22 23:51:35.758511
----- GENERATED TEXT -----
As a data engineer, I've been observing the rapid growth of Generative AI in the tech industry. 
It's transforming the way we approach data engineering and analytics. 
New tools and frameworks are emerging to support this shift.

The ability to automate data processing and generate insights is becoming increasingly important. 
This trend is expected to continue, with more organizations adopting GenAI technologies. 
It's an exciting time for data professionals to upskill and reskill.

The future of data engineering will likely involve more collaboration between humans and AI systems 🤖. 
This will enable us to focus on higher-level tasks and drive business value through data-driven decision making 💻.
#DataEngineering #GenAI #ArtificialIntelligence
Length: 755
repr(): "As a data engineer, I've been observing the rapid growth of Generative AI in the tech industry. \nIt's transforming the way we approach data engineering and analytics. \nNew tools and frameworks are emerging to support this shift.\n\nThe ability to automate data processing and generate insights is becoming increasingly important. \nThis trend is expected to continue, with more organizations adopting GenAI technologies. \nIt's an exciting time for data professionals to upskill and reskill.\n\nThe future of data engineering will likely involve more collaboration between humans and AI systems 🤖. \nThis will enable us to focus on higher-level tasks and drive business value through data-driven decision making 💻.\n#DataEngineering #GenAI #ArtificialIntelligence"
----- END TEXT -----

Posting to LinkedIn...

Status: 201
Body: 
[Email] Notification sent.
[Scheduler] Chosen delay: 34 seconds
[Scheduler] Will post around: 2025-11-23 00:41:22.081651
----- GENERATED TEXT -----
The recent trend of AI startups using revenue as a recruiting tool highlights the competitive landscape of the tech industry. With the rise of generative AI, companies are looking for innovative ways to attract top talent. This shift underscores the importance of staying ahead of the curve in terms of technology and innovation.

As AI continues to evolve, it's essential to separate fact from fiction, especially when it comes to sensitive topics like data usage. Google's denial of misleading reports about Gmail's AI training data is a reminder to verify information before accepting it as true. 
#AI #DataEngineering #TechTrends 🤖
Length: 635
repr(): "The recent trend of AI startups using revenue as a recruiting tool highlights the competitive landscape of the tech industry. With the rise of generative AI, companies are looking for innovative ways to attract top talent. This shift underscores the importance of staying ahead of the curve in terms of technology and innovation.\n\nAs AI continues to evolve, it's essential to separate fact from fiction, especially when it comes to sensitive topics like data usage. Google's denial of misleading reports about Gmail's AI training data is a reminder to verify information before accepting it as true. \n#AI #DataEngineering #TechTrends 🤖"
----- END TEXT -----

Posting to LinkedIn...

Status: 201
Body: 
[Email] Notification sent.
